\BOOKMARK [0][-]{chapter.1}{\376\377\000\315\000n\000d\000i\000c\000e\000\040\000d\000e\000\040\000c\000l\000a\000s\000e\000s}{}
\BOOKMARK [1][-]{section.1.1}{\376\377\000L\000i\000s\000t\000a\000\040\000d\000e\000\040\000c\000l\000a\000s\000e\000s}{chapter.1}
\BOOKMARK [0][-]{chapter.2}{\376\377\000I\000n\000d\000i\000c\000e\000\040\000d\000e\000\040\000a\000r\000c\000h\000i\000v\000o\000s}{}
\BOOKMARK [1][-]{section.2.1}{\376\377\000L\000i\000s\000t\000a\000\040\000d\000e\000\040\000a\000r\000c\000h\000i\000v\000o\000s}{chapter.2}
\BOOKMARK [0][-]{chapter.3}{\376\377\000D\000o\000c\000u\000m\000e\000n\000t\000a\000c\000i\000\363\000n\000\040\000d\000e\000\040\000l\000a\000s\000\040\000c\000l\000a\000s\000e\000s}{}
\BOOKMARK [1][-]{section.3.1}{\376\377\000R\000e\000f\000e\000r\000e\000n\000c\000i\000a\000\040\000d\000e\000\040\000l\000a\000\040\000C\000l\000a\000s\000e\000\040\000I\000m\000a\000g\000e\000n}{chapter.3}
\BOOKMARK [2][-]{subsection.3.1.1}{\376\377\000D\000e\000s\000c\000r\000i\000p\000c\000i\000\363\000n\000\040\000d\000e\000t\000a\000l\000l\000a\000d\000a}{section.3.1}
\BOOKMARK [2][-]{subsection.3.1.2}{\376\377\000D\000o\000c\000u\000m\000e\000n\000t\000a\000c\000i\000\363\000n\000\040\000d\000e\000l\000\040\000c\000o\000n\000s\000t\000r\000u\000c\000t\000o\000r\000\040\000y\000\040\000d\000e\000s\000t\000r\000u\000c\000t\000o\000r}{section.3.1}
\BOOKMARK [3][-]{subsubsection.3.1.2.1}{\376\377\000I\000m\000a\000g\000e\000n}{subsection.3.1.2}
\BOOKMARK [3][-]{subsubsection.3.1.2.2}{\376\377\000I\000m\000a\000g\000e\000n}{subsection.3.1.2}
\BOOKMARK [3][-]{subsubsection.3.1.2.3}{\376\377\000I\000m\000a\000g\000e\000n}{subsection.3.1.2}
\BOOKMARK [3][-]{subsubsection.3.1.2.4}{\376\377\000I\000m\000a\000g\000e\000n}{subsection.3.1.2}
\BOOKMARK [2][-]{subsection.3.1.3}{\376\377\000D\000o\000c\000u\000m\000e\000n\000t\000a\000c\000i\000\363\000n\000\040\000d\000e\000\040\000l\000a\000s\000\040\000f\000u\000n\000c\000i\000o\000n\000e\000s\000\040\000m\000i\000e\000m\000b\000r\000o}{section.3.1}
\BOOKMARK [3][-]{subsubsection.3.1.3.1}{\376\377\000o\000p\000e\000r\000a\000t\000o\000r\000=}{subsection.3.1.3}
\BOOKMARK [3][-]{subsubsection.3.1.3.2}{\376\377\000R\000e\000s\000e\000r\000v\000a}{subsection.3.1.3}
\BOOKMARK [3][-]{subsubsection.3.1.3.3}{\376\377\000g\000u\000a\000r\000d\000a\000r\000P\000G\000M}{subsection.3.1.3}
\BOOKMARK [3][-]{subsubsection.3.1.3.4}{\376\377\000c\000a\000r\000g\000a\000r\000P\000G\000M}{subsection.3.1.3}
\BOOKMARK [3][-]{subsubsection.3.1.3.5}{\376\377\000n\000u\000m\000\137\000f\000i\000l\000a\000s}{subsection.3.1.3}
\BOOKMARK [3][-]{subsubsection.3.1.3.6}{\376\377\000n\000u\000m\000\137\000c\000o\000l\000u\000m\000n\000a\000s}{subsection.3.1.3}
\BOOKMARK [3][-]{subsubsection.3.1.3.7}{\376\377\000a\000s\000i\000g\000n\000a\000\137\000p\000i\000x\000e\000l}{subsection.3.1.3}
\BOOKMARK [3][-]{subsubsection.3.1.3.8}{\376\377\000v\000a\000l\000o\000r\000\137\000p\000i\000x\000e\000l}{subsection.3.1.3}
\BOOKMARK [0][-]{chapter.4}{\376\377\000D\000o\000c\000u\000m\000e\000n\000t\000a\000c\000i\000\363\000n\000\040\000d\000e\000\040\000a\000r\000c\000h\000i\000v\000o\000s}{}
\BOOKMARK [1][-]{section.4.1}{\376\377\000R\000e\000f\000e\000r\000e\000n\000c\000i\000a\000\040\000d\000e\000l\000\040\000A\000r\000c\000h\000i\000v\000o\000\040\000i\000n\000c\000l\000u\000d\000e\000/\000f\000u\000n\000c\000i\000o\000n\000e\000s\000.\000h}{chapter.4}
\BOOKMARK [2][-]{subsection.4.1.1}{\376\377\000D\000e\000s\000c\000r\000i\000p\000c\000i\000\363\000n\000\040\000d\000e\000t\000a\000l\000l\000a\000d\000a}{section.4.1}
\BOOKMARK [2][-]{subsection.4.1.2}{\376\377\000D\000o\000c\000u\000m\000e\000n\000t\000a\000c\000i\000\363\000n\000\040\000d\000e\000\040\000l\000a\000s\000\040\000f\000u\000n\000c\000i\000o\000n\000e\000s}{section.4.1}
\BOOKMARK [3][-]{subsubsection.4.1.2.1}{\376\377\000c\000r\000e\000a\000r\000I\000c\000o\000n\000o}{subsection.4.1.2}
\BOOKMARK [3][-]{subsubsection.4.1.2.2}{\376\377\000e\000c\000u\000a\000l\000i\000z\000a\000r}{subsection.4.1.2}
\BOOKMARK [3][-]{subsubsection.4.1.2.3}{\376\377\000m\000e\000j\000o\000r\000a\000r\000C\000o\000n\000t\000r\000a\000s\000t\000e}{subsection.4.1.2}
\BOOKMARK [3][-]{subsubsection.4.1.2.4}{\376\377\000m\000o\000r\000p\000h\000i\000n\000g}{subsection.4.1.2}
\BOOKMARK [3][-]{subsubsection.4.1.2.5}{\376\377\000R\000G\000B\0002\000G\000r\000i\000s}{subsection.4.1.2}
\BOOKMARK [3][-]{subsubsection.4.1.2.6}{\376\377\000u\000m\000b\000r\000a\000l\000i\000z\000a\000r}{subsection.4.1.2}
\BOOKMARK [1][-]{section.4.2}{\376\377\000R\000e\000f\000e\000r\000e\000n\000c\000i\000a\000\040\000d\000e\000l\000\040\000A\000r\000c\000h\000i\000v\000o\000\040\000i\000n\000c\000l\000u\000d\000e\000/\000I\000m\000a\000g\000e\000n\000.\000h}{chapter.4}
\BOOKMARK [2][-]{subsection.4.2.1}{\376\377\000D\000e\000s\000c\000r\000i\000p\000c\000i\000\363\000n\000\040\000d\000e\000t\000a\000l\000l\000a\000d\000a}{section.4.2}
\BOOKMARK [2][-]{subsection.4.2.2}{\376\377\000D\000o\000c\000u\000m\000e\000n\000t\000a\000c\000i\000\363\000n\000\040\000d\000e\000\040\000l\000o\000s\000\040\000t\000i\000p\000o\000s\000\040\000d\000e\000f\000i\000n\000i\000d\000o\000s}{section.4.2}
\BOOKMARK [3][-]{subsubsection.4.2.2.1}{\376\377\000b\000y\000t\000e}{subsection.4.2.2}
\BOOKMARK [1][-]{section.4.3}{\376\377\000R\000e\000f\000e\000r\000e\000n\000c\000i\000a\000\040\000d\000e\000l\000\040\000A\000r\000c\000h\000i\000v\000o\000\040\000i\000n\000c\000l\000u\000d\000e\000/\000i\000m\000a\000g\000e\000n\000E\000S\000.\000h}{chapter.4}
\BOOKMARK [2][-]{subsection.4.3.1}{\376\377\000D\000e\000s\000c\000r\000i\000p\000c\000i\000\363\000n\000\040\000d\000e\000t\000a\000l\000l\000a\000d\000a}{section.4.3}
\BOOKMARK [2][-]{subsection.4.3.2}{\376\377\000D\000o\000c\000u\000m\000e\000n\000t\000a\000c\000i\000\363\000n\000\040\000d\000e\000\040\000l\000a\000s\000\040\000e\000n\000u\000m\000e\000r\000a\000c\000i\000o\000n\000e\000s}{section.4.3}
\BOOKMARK [3][-]{subsubsection.4.3.2.1}{\376\377\000T\000i\000p\000o\000I\000m\000a\000g\000e\000n}{subsection.4.3.2}
\BOOKMARK [2][-]{subsection.4.3.3}{\376\377\000D\000o\000c\000u\000m\000e\000n\000t\000a\000c\000i\000\363\000n\000\040\000d\000e\000\040\000l\000a\000s\000\040\000f\000u\000n\000c\000i\000o\000n\000e\000s}{section.4.3}
\BOOKMARK [3][-]{subsubsection.4.3.3.1}{\376\377\000E\000s\000c\000r\000i\000b\000i\000r\000I\000m\000a\000g\000e\000n\000P\000G\000M}{subsection.4.3.3}
\BOOKMARK [3][-]{subsubsection.4.3.3.2}{\376\377\000E\000s\000c\000r\000i\000b\000i\000r\000I\000m\000a\000g\000e\000n\000P\000P\000M}{subsection.4.3.3}
\BOOKMARK [3][-]{subsubsection.4.3.3.3}{\376\377\000L\000e\000e\000r\000I\000m\000a\000g\000e\000n\000P\000G\000M}{subsection.4.3.3}
\BOOKMARK [3][-]{subsubsection.4.3.3.4}{\376\377\000L\000e\000e\000r\000I\000m\000a\000g\000e\000n\000P\000P\000M}{subsection.4.3.3}
\BOOKMARK [3][-]{subsubsection.4.3.3.5}{\376\377\000L\000e\000e\000r\000T\000i\000p\000o\000I\000m\000a\000g\000e\000n}{subsection.4.3.3}
\BOOKMARK [1][-]{section.4.4}{\376\377\000R\000e\000f\000e\000r\000e\000n\000c\000i\000a\000\040\000d\000e\000l\000\040\000A\000r\000c\000h\000i\000v\000o\000\040\000s\000r\000c\000/\000c\000o\000n\000t\000r\000a\000s\000t\000e\000.\000c\000p\000p}{chapter.4}
\BOOKMARK [2][-]{subsection.4.4.1}{\376\377\000D\000e\000s\000c\000r\000i\000p\000c\000i\000\363\000n\000\040\000d\000e\000t\000a\000l\000l\000a\000d\000a}{section.4.4}
\BOOKMARK [2][-]{subsection.4.4.2}{\376\377\000D\000o\000c\000u\000m\000e\000n\000t\000a\000c\000i\000\363\000n\000\040\000d\000e\000\040\000l\000a\000s\000\040\000f\000u\000n\000c\000i\000o\000n\000e\000s}{section.4.4}
\BOOKMARK [3][-]{subsubsection.4.4.2.1}{\376\377\000m\000a\000i\000n}{subsection.4.4.2}
\BOOKMARK [1][-]{section.4.5}{\376\377\000R\000e\000f\000e\000r\000e\000n\000c\000i\000a\000\040\000d\000e\000l\000\040\000A\000r\000c\000h\000i\000v\000o\000\040\000s\000r\000c\000/\000c\000r\000e\000a\000r\000i\000c\000o\000n\000o\000.\000c\000p\000p}{chapter.4}
\BOOKMARK [2][-]{subsection.4.5.1}{\376\377\000D\000e\000s\000c\000r\000i\000p\000c\000i\000\363\000n\000\040\000d\000e\000t\000a\000l\000l\000a\000d\000a}{section.4.5}
\BOOKMARK [2][-]{subsection.4.5.2}{\376\377\000D\000o\000c\000u\000m\000e\000n\000t\000a\000c\000i\000\363\000n\000\040\000d\000e\000\040\000l\000a\000s\000\040\000f\000u\000n\000c\000i\000o\000n\000e\000s}{section.4.5}
\BOOKMARK [3][-]{subsubsection.4.5.2.1}{\376\377\000m\000a\000i\000n}{subsection.4.5.2}
\BOOKMARK [1][-]{section.4.6}{\376\377\000R\000e\000f\000e\000r\000e\000n\000c\000i\000a\000\040\000d\000e\000l\000\040\000A\000r\000c\000h\000i\000v\000o\000\040\000s\000r\000c\000/\000e\000c\000u\000a\000l\000i\000z\000a\000r\000.\000c\000p\000p}{chapter.4}
\BOOKMARK [2][-]{subsection.4.6.1}{\376\377\000D\000e\000s\000c\000r\000i\000p\000c\000i\000\363\000n\000\040\000d\000e\000t\000a\000l\000l\000a\000d\000a}{section.4.6}
\BOOKMARK [2][-]{subsection.4.6.2}{\376\377\000D\000o\000c\000u\000m\000e\000n\000t\000a\000c\000i\000\363\000n\000\040\000d\000e\000\040\000l\000a\000s\000\040\000f\000u\000n\000c\000i\000o\000n\000e\000s}{section.4.6}
\BOOKMARK [3][-]{subsubsection.4.6.2.1}{\376\377\000m\000a\000i\000n}{subsection.4.6.2}
\BOOKMARK [1][-]{section.4.7}{\376\377\000R\000e\000f\000e\000r\000e\000n\000c\000i\000a\000\040\000d\000e\000l\000\040\000A\000r\000c\000h\000i\000v\000o\000\040\000s\000r\000c\000/\000f\000u\000n\000c\000i\000o\000n\000e\000s\000.\000c\000p\000p}{chapter.4}
\BOOKMARK [2][-]{subsection.4.7.1}{\376\377\000D\000e\000s\000c\000r\000i\000p\000c\000i\000\363\000n\000\040\000d\000e\000t\000a\000l\000l\000a\000d\000a}{section.4.7}
\BOOKMARK [2][-]{subsection.4.7.2}{\376\377\000D\000o\000c\000u\000m\000e\000n\000t\000a\000c\000i\000\363\000n\000\040\000d\000e\000\040\000l\000a\000s\000\040\000f\000u\000n\000c\000i\000o\000n\000e\000s}{section.4.7}
\BOOKMARK [3][-]{subsubsection.4.7.2.1}{\376\377\000c\000a\000l\000c\000u\000l\000a\000r\000U\000m\000b\000r\000a\000l}{subsection.4.7.2}
\BOOKMARK [3][-]{subsubsection.4.7.2.2}{\376\377\000c\000r\000e\000a\000r\000I\000c\000o\000n\000o}{subsection.4.7.2}
\BOOKMARK [3][-]{subsubsection.4.7.2.3}{\376\377\000e\000c\000u\000a\000l\000i\000z\000a\000r}{subsection.4.7.2}
\BOOKMARK [3][-]{subsubsection.4.7.2.4}{\376\377\000m\000e\000j\000o\000r\000a\000r\000C\000o\000n\000t\000r\000a\000s\000t\000e}{subsection.4.7.2}
\BOOKMARK [3][-]{subsubsection.4.7.2.5}{\376\377\000m\000o\000r\000p\000h\000i\000n\000g}{subsection.4.7.2}
\BOOKMARK [3][-]{subsubsection.4.7.2.6}{\376\377\000R\000G\000B\0002\000G\000r\000i\000s}{subsection.4.7.2}
\BOOKMARK [3][-]{subsubsection.4.7.2.7}{\376\377\000u\000m\000b\000r\000a\000l\000i\000z\000a\000r}{subsection.4.7.2}
\BOOKMARK [1][-]{section.4.8}{\376\377\000R\000e\000f\000e\000r\000e\000n\000c\000i\000a\000\040\000d\000e\000l\000\040\000A\000r\000c\000h\000i\000v\000o\000\040\000s\000r\000c\000/\000I\000m\000a\000g\000e\000n\000.\000c\000p\000p}{chapter.4}
\BOOKMARK [2][-]{subsection.4.8.1}{\376\377\000D\000e\000s\000c\000r\000i\000p\000c\000i\000\363\000n\000\040\000d\000e\000t\000a\000l\000l\000a\000d\000a}{section.4.8}
\BOOKMARK [1][-]{section.4.9}{\376\377\000R\000e\000f\000e\000r\000e\000n\000c\000i\000a\000\040\000d\000e\000l\000\040\000A\000r\000c\000h\000i\000v\000o\000\040\000s\000r\000c\000/\000i\000m\000a\000g\000e\000n\000E\000S\000.\000c\000p\000p}{chapter.4}
\BOOKMARK [2][-]{subsection.4.9.1}{\376\377\000D\000e\000s\000c\000r\000i\000p\000c\000i\000\363\000n\000\040\000d\000e\000t\000a\000l\000l\000a\000d\000a}{section.4.9}
\BOOKMARK [2][-]{subsection.4.9.2}{\376\377\000D\000o\000c\000u\000m\000e\000n\000t\000a\000c\000i\000\363\000n\000\040\000d\000e\000\040\000l\000a\000s\000\040\000f\000u\000n\000c\000i\000o\000n\000e\000s}{section.4.9}
\BOOKMARK [3][-]{subsubsection.4.9.2.1}{\376\377\000E\000s\000c\000r\000i\000b\000i\000r\000I\000m\000a\000g\000e\000n\000P\000G\000M}{subsection.4.9.2}
\BOOKMARK [3][-]{subsubsection.4.9.2.2}{\376\377\000E\000s\000c\000r\000i\000b\000i\000r\000I\000m\000a\000g\000e\000n\000P\000P\000M}{subsection.4.9.2}
\BOOKMARK [3][-]{subsubsection.4.9.2.3}{\376\377\000L\000e\000e\000r\000C\000a\000b\000e\000c\000e\000r\000a}{subsection.4.9.2}
\BOOKMARK [3][-]{subsubsection.4.9.2.4}{\376\377\000L\000e\000e\000r\000I\000m\000a\000g\000e\000n\000P\000G\000M}{subsection.4.9.2}
\BOOKMARK [3][-]{subsubsection.4.9.2.5}{\376\377\000L\000e\000e\000r\000I\000m\000a\000g\000e\000n\000P\000P\000M}{subsection.4.9.2}
\BOOKMARK [3][-]{subsubsection.4.9.2.6}{\376\377\000L\000e\000e\000r\000T\000i\000p\000o}{subsection.4.9.2}
\BOOKMARK [3][-]{subsubsection.4.9.2.7}{\376\377\000L\000e\000e\000r\000T\000i\000p\000o\000I\000m\000a\000g\000e\000n}{subsection.4.9.2}
\BOOKMARK [3][-]{subsubsection.4.9.2.8}{\376\377\000S\000a\000l\000t\000a\000r\000S\000e\000p\000a\000r\000a\000d\000o\000r\000e\000s}{subsection.4.9.2}
\BOOKMARK [1][-]{section.4.10}{\376\377\000R\000e\000f\000e\000r\000e\000n\000c\000i\000a\000\040\000d\000e\000l\000\040\000A\000r\000c\000h\000i\000v\000o\000\040\000s\000r\000c\000/\000m\000o\000r\000p\000h\000i\000n\000g\000.\000c\000p\000p}{chapter.4}
\BOOKMARK [2][-]{subsection.4.10.1}{\376\377\000D\000e\000s\000c\000r\000i\000p\000c\000i\000\363\000n\000\040\000d\000e\000t\000a\000l\000l\000a\000d\000a}{section.4.10}
\BOOKMARK [2][-]{subsection.4.10.2}{\376\377\000D\000o\000c\000u\000m\000e\000n\000t\000a\000c\000i\000\363\000n\000\040\000d\000e\000\040\000l\000a\000s\000\040\000f\000u\000n\000c\000i\000o\000n\000e\000s}{section.4.10}
\BOOKMARK [3][-]{subsubsection.4.10.2.1}{\376\377\000m\000a\000i\000n}{subsection.4.10.2}
\BOOKMARK [1][-]{section.4.11}{\376\377\000R\000e\000f\000e\000r\000e\000n\000c\000i\000a\000\040\000d\000e\000l\000\040\000A\000r\000c\000h\000i\000v\000o\000\040\000s\000r\000c\000/\000n\000e\000g\000a\000t\000i\000v\000o\000.\000c\000p\000p}{chapter.4}
\BOOKMARK [2][-]{subsection.4.11.1}{\376\377\000D\000e\000s\000c\000r\000i\000p\000c\000i\000\363\000n\000\040\000d\000e\000t\000a\000l\000l\000a\000d\000a}{section.4.11}
\BOOKMARK [2][-]{subsection.4.11.2}{\376\377\000D\000o\000c\000u\000m\000e\000n\000t\000a\000c\000i\000\363\000n\000\040\000d\000e\000\040\000l\000a\000s\000\040\000f\000u\000n\000c\000i\000o\000n\000e\000s}{section.4.11}
\BOOKMARK [3][-]{subsubsection.4.11.2.1}{\376\377\000m\000a\000i\000n}{subsection.4.11.2}
\BOOKMARK [1][-]{section.4.12}{\376\377\000R\000e\000f\000e\000r\000e\000n\000c\000i\000a\000\040\000d\000e\000l\000\040\000A\000r\000c\000h\000i\000v\000o\000\040\000s\000r\000c\000/\000r\000g\000b\0002\000g\000r\000i\000s\000.\000c\000p\000p}{chapter.4}
\BOOKMARK [2][-]{subsection.4.12.1}{\376\377\000D\000e\000s\000c\000r\000i\000p\000c\000i\000\363\000n\000\040\000d\000e\000t\000a\000l\000l\000a\000d\000a}{section.4.12}
\BOOKMARK [2][-]{subsection.4.12.2}{\376\377\000D\000o\000c\000u\000m\000e\000n\000t\000a\000c\000i\000\363\000n\000\040\000d\000e\000\040\000l\000a\000s\000\040\000f\000u\000n\000c\000i\000o\000n\000e\000s}{section.4.12}
\BOOKMARK [3][-]{subsubsection.4.12.2.1}{\376\377\000m\000a\000i\000n}{subsection.4.12.2}
\BOOKMARK [1][-]{section.4.13}{\376\377\000R\000e\000f\000e\000r\000e\000n\000c\000i\000a\000\040\000d\000e\000l\000\040\000A\000r\000c\000h\000i\000v\000o\000\040\000s\000r\000c\000/\000u\000m\000b\000r\000a\000l\000i\000z\000a\000r\000.\000c\000p\000p}{chapter.4}
\BOOKMARK [2][-]{subsection.4.13.1}{\376\377\000D\000e\000s\000c\000r\000i\000p\000c\000i\000\363\000n\000\040\000d\000e\000t\000a\000l\000l\000a\000d\000a}{section.4.13}
\BOOKMARK [2][-]{subsection.4.13.2}{\376\377\000D\000o\000c\000u\000m\000e\000n\000t\000a\000c\000i\000\363\000n\000\040\000d\000e\000\040\000l\000a\000s\000\040\000f\000u\000n\000c\000i\000o\000n\000e\000s}{section.4.13}
\BOOKMARK [3][-]{subsubsection.4.13.2.1}{\376\377\000m\000a\000i\000n}{subsection.4.13.2}
